杨柳镇杨柳湾
汇东学府街听雨B栋2-1号
北城水井街24号
简城镇上东街8号
江南三路二村二号楼底层
宝轮
三岔镇合三路
宝光牡丹苑103号
简城建设西路
大石
简城建设路289号
自井区郭家坳街凤凰坝45号
鱼塘石堡湾
市委院内
上大街综合大楼
安阜旧州大道旧戎村冲头社
市区泰山南路124-128号
商业街中房二楼
华山村（渡口合作社）
石洞肖湾村十一社
前进中路71号二楼
合江镇酱园坪80号
鱼塘村
杜家街宝光牡丹苑附8号
兰田惠民小区门市
回龙湾２４号院６幢１号
合江镇复兴路104号
下西村
柳树镇中街62号
成都市金堂县成都-阿坝工业园区
简城建设中路10号
新马路6号
财经校校园内
市文化宫对面
市中区宝轮镇(水电五局生活区)
华山北路114号
仁和镇街口
枣子坪一村288号
市区光华巷
十九冶筑炉公司内
龙南路25号1幢10号
洋溪镇
隐峰镇河东街28号
李家镇解放街80号
三道桥
大和中路54公里
市区庐山路1号
富世镇西干道广子山对面
北城北通道54号
鱼塘５８公里
新华街6号
彭庙镇大塘15组
市东区人民街二村
成都市龙泉驿区龙泉镇长柏路龙三小楼下
长安乡
江南二路二村15-10＃
松涛路51号
柏杨坪电业局门市
三堆
嘉兴路12号
大和三村
市区物资大厦4楼11-13号
政府街11号
地龙井
刘家湾
市利华药店旁
大安街188号
马吃水
波波奎
金山镇石碾子村
兰田上坝村六组10号
中山大道南二段
下河街63号
新宁镇滨河路5号
高耗能工业园区内
龙南路38号
隐峰镇福田村
伍家坝
旧州宗场乡禾卜村七组
石洞镇东风街四组
简城红塔村八组
大石乡梅家店
凤凰小区
枣子坪三村
东坝电影院二楼
市东区五十四公里
方亭镇中心大街
华山北路285号
三堆镇宝珠村
枣子坪
龙井街大垇口一组
人民街二村１１３号
九附二
方亭镇中心大街东段
石桥镇汽车站二楼
兴隆镇
新店街村
大西街109号
瓦窑坝７号
巴州镇宕梁汽配一条街第二栋26号
建设街一号
简城长盛街190号
市东区人民街67号
板桥镇打一山
桂花街14号
沿口镇50米大街中天大厦二楼
市区泰山南路中段
市区华山北路114号9幢1-1-2号
市东区炳草岗湖光小区泔露园
新马路125号楼
桂花街2号楼底楼
五十四公里
建设路41号
解放北路23号
建设南路21号
高耗能工业园区
国家安全局2、3楼
新市坝镇滨河路17号
大冲头
瓦窑坝57号
宝成路2号楼1单元1号
